<?xml version="1.0" encoding="UTF-8"?>
<testng-results skipped="0" failed="1" total="4" passed="3">
  <reporter-output>
  </reporter-output>
  <suite name="Regression" duration-ms="131987" started-at="2014-08-16T00:23:50Z" finished-at="2014-08-16T00:26:02Z">
    <groups>
    </groups>
    <test name="Test" duration-ms="131987" started-at="2014-08-16T00:23:50Z" finished-at="2014-08-16T00:26:02Z">
      <class name="testscripts.scenario2.TC4">
        <test-method status="PASS" signature="runTC4()[pri:0, instance:testscripts.scenario2.TC4@13b6d03]" name="runTC4" duration-ms="88108" started-at="2014-08-15T20:23:50Z" finished-at="2014-08-15T20:25:18Z">
          <reporter-output>
          </reporter-output>
        </test-method> <!-- runTC4 -->
        <test-method status="PASS" signature="testMethodSetup()[pri:0, instance:testscripts.scenario2.TC4@13b6d03]" name="testMethodSetup" is-config="true" duration-ms="0" started-at="2014-08-15T20:23:50Z" finished-at="2014-08-15T20:23:50Z">
          <reporter-output>
          </reporter-output>
        </test-method> <!-- testMethodSetup -->
        <test-method status="PASS" signature="testMethodTearDown()[pri:0, instance:testscripts.scenario2.TC4@13b6d03]" name="testMethodTearDown" is-config="true" duration-ms="105" started-at="2014-08-15T20:25:18Z" finished-at="2014-08-15T20:25:18Z">
          <reporter-output>
          </reporter-output>
        </test-method> <!-- testMethodTearDown -->
      </class> <!-- testscripts.scenario2.TC4 -->
      <class name="testscripts.scenario1.TC3">
        <test-method status="PASS" signature="suiteSetup(org.testng.ITestContext)[pri:0, instance:testscripts.scenario1.TC3@1b7dea0]" name="suiteSetup" is-config="true" duration-ms="740" started-at="2014-08-15T20:23:49Z" finished-at="2014-08-15T20:23:50Z">
          <params>
            <param index="0">
              <value>
                <![CDATA[org.testng.TestRunner@1a561cf]]>
              </value>
            </param>
          </params>
          <reporter-output>
          </reporter-output>
        </test-method> <!-- suiteSetup -->
        <test-method status="PASS" signature="testMethodSetup()[pri:0, instance:testscripts.scenario1.TC3@1b7dea0]" name="testMethodSetup" is-config="true" duration-ms="0" started-at="2014-08-15T20:25:18Z" finished-at="2014-08-15T20:25:18Z">
          <reporter-output>
          </reporter-output>
        </test-method> <!-- testMethodSetup -->
        <test-method status="FAIL" signature="runTC3()[pri:0, instance:testscripts.scenario1.TC3@1b7dea0]" name="runTC3" duration-ms="43663" started-at="2014-08-15T20:25:18Z" finished-at="2014-08-15T20:26:02Z">
          <exception class="java.lang.AssertionError">
            <message>
              <![CDATA[Login failed for valid user]]>
            </message>
            <full-stacktrace>
              <![CDATA[java.lang.AssertionError: Login failed for valid user
	at org.testng.Assert.fail(Assert.java:94)
	at supportlibraries.DriverScript.wrapUp(DriverScript.java:452)
	at supportlibraries.DriverScript.driveTestExecution(DriverScript.java:106)
	at testscripts.scenario1.TC3.runTC3(TC3.java:29)
	at sun.reflect.NativeMethodAccessorImpl.invoke0(Native Method)
	at sun.reflect.NativeMethodAccessorImpl.invoke(NativeMethodAccessorImpl.java:62)
	at sun.reflect.DelegatingMethodAccessorImpl.invoke(DelegatingMethodAccessorImpl.java:43)
	at java.lang.reflect.Method.invoke(Method.java:483)
	at org.testng.internal.MethodInvocationHelper.invokeMethod(MethodInvocationHelper.java:84)
	at org.testng.internal.Invoker.invokeMethod(Invoker.java:714)
	at org.testng.internal.Invoker.invokeTestMethod(Invoker.java:901)
	at org.testng.internal.Invoker.invokeTestMethods(Invoker.java:1231)
	at org.testng.internal.TestMethodWorker.invokeTestMethods(TestMethodWorker.java:127)
	at org.testng.internal.TestMethodWorker.run(TestMethodWorker.java:111)
	at java.util.concurrent.ThreadPoolExecutor.runWorker(ThreadPoolExecutor.java:1142)
	at java.util.concurrent.ThreadPoolExecutor$Worker.run(ThreadPoolExecutor.java:617)
	at java.lang.Thread.run(Thread.java:744)
]]>
            </full-stacktrace>
          </exception> <!-- java.lang.AssertionError -->
          <reporter-output>
          </reporter-output>
        </test-method> <!-- runTC3 -->
        <test-method status="PASS" signature="testMethodTearDown()[pri:0, instance:testscripts.scenario1.TC3@1b7dea0]" name="testMethodTearDown" is-config="true" duration-ms="50" started-at="2014-08-15T20:26:02Z" finished-at="2014-08-15T20:26:02Z">
          <reporter-output>
          </reporter-output>
        </test-method> <!-- testMethodTearDown -->
        <test-method status="PASS" signature="suiteTearDown()[pri:0, instance:testscripts.scenario1.TC3@1b7dea0]" name="suiteTearDown" is-config="true" duration-ms="820" started-at="2014-08-15T20:26:02Z" finished-at="2014-08-15T20:26:03Z">
          <reporter-output>
          </reporter-output>
        </test-method> <!-- suiteTearDown -->
      </class> <!-- testscripts.scenario1.TC3 -->
      <class name="testscripts.scenario1.TC2">
        <test-method status="PASS" signature="testMethodSetup()[pri:0, instance:testscripts.scenario1.TC2@1035e27]" name="testMethodSetup" is-config="true" duration-ms="1" started-at="2014-08-15T20:25:15Z" finished-at="2014-08-15T20:25:15Z">
          <reporter-output>
          </reporter-output>
        </test-method> <!-- testMethodSetup -->
        <test-method status="PASS" signature="runTC2()[pri:0, instance:testscripts.scenario1.TC2@1035e27]" name="runTC2" duration-ms="11110" started-at="2014-08-15T20:25:15Z" finished-at="2014-08-15T20:25:26Z">
          <reporter-output>
          </reporter-output>
        </test-method> <!-- runTC2 -->
        <test-method status="PASS" signature="testMethodTearDown()[pri:0, instance:testscripts.scenario1.TC2@1035e27]" name="testMethodTearDown" is-config="true" duration-ms="81" started-at="2014-08-15T20:25:26Z" finished-at="2014-08-15T20:25:26Z">
          <reporter-output>
          </reporter-output>
        </test-method> <!-- testMethodTearDown -->
      </class> <!-- testscripts.scenario1.TC2 -->
      <class name="testscripts.scenario1.TC1">
        <test-method status="PASS" signature="runTC1()[pri:0, instance:testscripts.scenario1.TC1@15f2bb7]" name="runTC1" duration-ms="84461" started-at="2014-08-15T20:23:50Z" finished-at="2014-08-15T20:25:15Z">
          <reporter-output>
          </reporter-output>
        </test-method> <!-- runTC1 -->
        <test-method status="PASS" signature="testMethodSetup()[pri:0, instance:testscripts.scenario1.TC1@15f2bb7]" name="testMethodSetup" is-config="true" duration-ms="0" started-at="2014-08-15T20:23:50Z" finished-at="2014-08-15T20:23:50Z">
          <reporter-output>
          </reporter-output>
        </test-method> <!-- testMethodSetup -->
        <test-method status="PASS" signature="testMethodTearDown()[pri:0, instance:testscripts.scenario1.TC1@15f2bb7]" name="testMethodTearDown" is-config="true" duration-ms="62" started-at="2014-08-15T20:25:15Z" finished-at="2014-08-15T20:25:15Z">
          <reporter-output>
          </reporter-output>
        </test-method> <!-- testMethodTearDown -->
      </class> <!-- testscripts.scenario1.TC1 -->
    </test> <!-- Test -->
  </suite> <!-- Regression -->
</testng-results>
